<?xml version="1.0" encoding="UTF-8"?>
<!-- Generated by org.testng.reporters.JUnitXMLReporter -->
<testsuite hostname="Ripon" ignored="0" name="Default test" tests="3" failures="0" timestamp="20 Mar 2017 06:29:04 GMT" time="0.035" errors="0">
  <testcase name="CheckOut" time="0.01" classname="TestNGsample.TestNGscripts"/>
  <testcase name="loginApplication" time="0.001" classname="TestNGsample.TestNGscripts"/>
  <testcase name="seletItems" time="0.001" classname="TestNGsample.TestNGscripts"/>
</testsuite> <!-- Default test -->
