<?xml version="1.0" encoding="UTF-8"?>
<testng-results skipped="0" failed="0" ignored="0" total="3" passed="3">
  <reporter-output>
  </reporter-output>
  <suite name="Default suite" duration-ms="35" started-at="2017-03-20T06:29:04Z" finished-at="2017-03-20T06:29:04Z">
    <groups>
    </groups>
    <test name="Default test" duration-ms="35" started-at="2017-03-20T06:29:04Z" finished-at="2017-03-20T06:29:04Z">
      <class name="TestNGsample.TestNGscripts">
        <test-method status="PASS" signature="CheckOut()[pri:0, instance:TestNGsample.TestNGscripts@66d2e7d9]" name="CheckOut" duration-ms="10" started-at="2017-03-20T02:29:04Z" finished-at="2017-03-20T02:29:04Z">
          <reporter-output>
          </reporter-output>
        </test-method> <!-- CheckOut -->
        <test-method status="PASS" signature="loginApplication()[pri:0, instance:TestNGsample.TestNGscripts@66d2e7d9]" name="loginApplication" duration-ms="1" started-at="2017-03-20T02:29:04Z" finished-at="2017-03-20T02:29:04Z">
          <reporter-output>
          </reporter-output>
        </test-method> <!-- loginApplication -->
        <test-method status="PASS" signature="seletItems()[pri:0, instance:TestNGsample.TestNGscripts@66d2e7d9]" name="seletItems" duration-ms="1" started-at="2017-03-20T02:29:04Z" finished-at="2017-03-20T02:29:04Z">
          <reporter-output>
          </reporter-output>
        </test-method> <!-- seletItems -->
      </class> <!-- TestNGsample.TestNGscripts -->
    </test> <!-- Default test -->
  </suite> <!-- Default suite -->
</testng-results>
